imageset 102 epsilon 10 property 1 attempt 1
dnnf
  result: unknown
  falsification time: 139.8824
  total time: 219.4808
  restarts: 100
imageset 102 epsilon 10 property 1 attempt 2
dnnf
  result: unknown
  falsification time: 140.2329
  total time: 225.3346
  restarts: 100
imageset 102 epsilon 10 property 1 attempt 3
dnnf
  result: unknown
  falsification time: 145.8321
  total time: 224.9048
  restarts: 100
imageset 102 epsilon 10 property 1 attempt 4
dnnf
  result: unknown
  falsification time: 143.7384
  total time: 226.3544
  restarts: 100
imageset 102 epsilon 10 property 1 attempt 5
dnnf
  result: unknown
  falsification time: 149.2793
  total time: 230.0756
  restarts: 100
imageset 102 epsilon 10 property 1 attempt 6
dnnf
  result: unknown
  falsification time: 139.7717
  total time: 216.8873
  restarts: 100
imageset 102 epsilon 10 property 1 attempt 7
dnnf
  result: unknown
  falsification time: 139.9189
  total time: 218.9158
  restarts: 100
imageset 102 epsilon 10 property 1 attempt 8
dnnf
  result: unknown
  falsification time: 140.3556
  total time: 222.7037
  restarts: 100
imageset 102 epsilon 10 property 1 attempt 9
dnnf
  result: unknown
  falsification time: 145.2131
  total time: 224.7395
  restarts: 100
imageset 102 epsilon 10 property 1 attempt 10
dnnf
  result: unknown
  falsification time: 139.0163
  total time: 219.2395
  restarts: 100
imageset 102 epsilon 10 property 2 attempt 1
dnnf
  result: unsafe
  falsification time: 2.2853
  total time: 79.1289
  restarts: 1
imageset 102 epsilon 10 property 2 attempt 2
dnnf
  result: unsafe
  falsification time: 2.5106
  total time: 87.9163
  restarts: 1
imageset 102 epsilon 10 property 2 attempt 3
dnnf
  result: unsafe
  falsification time: 6.5542
  total time: 86.5789
  restarts: 7
imageset 102 epsilon 10 property 2 attempt 4
dnnf
  result: unsafe
  falsification time: 2.0312
  total time: 85.6620
  restarts: 1
imageset 102 epsilon 10 property 2 attempt 5
dnnf
  result: unsafe
  falsification time: 1.4622
  total time: 84.9443
  restarts: 0
imageset 102 epsilon 10 property 2 attempt 6
dnnf
  result: unsafe
  falsification time: 1.4733
  total time: 83.0878
  restarts: 0
imageset 102 epsilon 10 property 2 attempt 7
dnnf
  result: unsafe
  falsification time: 3.6628
  total time: 81.7293
  restarts: 3
imageset 102 epsilon 10 property 2 attempt 8
dnnf
  result: unsafe
  falsification time: 1.7539
  total time: 82.9185
  restarts: 0
imageset 102 epsilon 10 property 2 attempt 9
dnnf
  result: unsafe
  falsification time: 3.2777
  total time: 84.3890
  restarts: 2
imageset 102 epsilon 10 property 2 attempt 10
dnnf
  result: unsafe
  falsification time: 2.3284
  total time: 86.8753
  restarts: 1
imageset 102 epsilon 10 property 3 attempt 1
dnnf
  result: unsafe
  falsification time: 6.3663
  total time: 124.2427
  restarts: 4
imageset 102 epsilon 10 property 3 attempt 2
dnnf
  result: unsafe
  falsification time: 1.2365
  total time: 122.8148
  restarts: 0
imageset 102 epsilon 10 property 3 attempt 3
dnnf
  result: unsafe
  falsification time: 1.3865
  total time: 119.8334
  restarts: 0
imageset 102 epsilon 10 property 3 attempt 4
dnnf
  result: unsafe
  falsification time: 4.7533
  total time: 126.7302
  restarts: 2
imageset 102 epsilon 10 property 3 attempt 5
dnnf
  result: unsafe
  falsification time: 3.8800
  total time: 125.0584
  restarts: 2
imageset 102 epsilon 10 property 3 attempt 6
dnnf
  result: unsafe
  falsification time: 2.8179
  total time: 122.9974
  restarts: 1
imageset 102 epsilon 10 property 3 attempt 7
dnnf
  result: unsafe
  falsification time: 2.7931
  total time: 122.9185
  restarts: 1
imageset 102 epsilon 10 property 3 attempt 8
dnnf
  result: unsafe
  falsification time: 2.1417
  total time: 124.6152
  restarts: 0
imageset 102 epsilon 10 property 3 attempt 9
dnnf
  result: unsafe
  falsification time: 2.1257
  total time: 118.9732
  restarts: 0
imageset 102 epsilon 10 property 3 attempt 10
dnnf
  result: unsafe
  falsification time: 2.6160
  total time: 123.0852
  restarts: 1
