imageset 199 epsilon 10 property 1 attempt 1
dnnf
  result: unknown
  falsification time: 130.0083
  total time: 208.6227
  restarts: 100
imageset 199 epsilon 10 property 1 attempt 2
dnnf
  result: unknown
  falsification time: 127.6550
  total time: 211.5064
  restarts: 100
imageset 199 epsilon 10 property 1 attempt 3
dnnf
  result: unknown
  falsification time: 131.2353
  total time: 213.4560
  restarts: 100
imageset 199 epsilon 10 property 1 attempt 4
dnnf
  result: unknown
  falsification time: 128.1017
  total time: 207.0666
  restarts: 100
imageset 199 epsilon 10 property 1 attempt 5
dnnf
  result: unknown
  falsification time: 130.1592
  total time: 209.1868
  restarts: 100
imageset 199 epsilon 10 property 1 attempt 6
dnnf
  result: unknown
  falsification time: 132.0855
  total time: 215.0382
  restarts: 100
imageset 199 epsilon 10 property 1 attempt 7
dnnf
  result: unknown
  falsification time: 130.9991
  total time: 211.7410
  restarts: 100
imageset 199 epsilon 10 property 1 attempt 8
dnnf
  result: unknown
  falsification time: 135.1657
  total time: 215.2371
  restarts: 100
imageset 199 epsilon 10 property 1 attempt 9
dnnf
  result: unknown
  falsification time: 130.2551
  total time: 207.8544
  restarts: 100
imageset 199 epsilon 10 property 1 attempt 10
dnnf
  result: unknown
  falsification time: 129.3071
  total time: 208.2596
  restarts: 100
imageset 199 epsilon 10 property 2 attempt 1
dnnf
  result: unsafe
  falsification time: 6.9548
  total time: 84.4801
  restarts: 8
imageset 199 epsilon 10 property 2 attempt 2
dnnf
  result: unsafe
  falsification time: 33.0205
  total time: 109.8850
  restarts: 48
imageset 199 epsilon 10 property 2 attempt 3
dnnf
  result: unsafe
  falsification time: 4.2396
  total time: 79.4762
  restarts: 4
imageset 199 epsilon 10 property 2 attempt 4
dnnf
  result: unknown
  falsification time: 65.9665
  total time: 142.0095
  restarts: 100
imageset 199 epsilon 10 property 2 attempt 5
dnnf
  result: unsafe
  falsification time: 33.1442
  total time: 108.6616
  restarts: 48
imageset 199 epsilon 10 property 2 attempt 6
dnnf
  result: unknown
  falsification time: 64.3878
  total time: 140.1642
  restarts: 100
imageset 199 epsilon 10 property 2 attempt 7
dnnf
  result: unknown
  falsification time: 66.3066
  total time: 144.6250
  restarts: 100
imageset 199 epsilon 10 property 2 attempt 8
dnnf
  result: unsafe
  falsification time: 3.0023
  total time: 79.0612
  restarts: 2
imageset 199 epsilon 10 property 2 attempt 9
dnnf
  result: unknown
  falsification time: 67.2867
  total time: 145.2243
  restarts: 100
imageset 199 epsilon 10 property 2 attempt 10
dnnf
  result: unsafe
  falsification time: 3.6002
  total time: 81.6202
  restarts: 3
imageset 199 epsilon 10 property 3 attempt 1
dnnf
  result: unsafe
  falsification time: 1.6728
  total time: 115.3572
  restarts: 0
imageset 199 epsilon 10 property 3 attempt 2
dnnf
  result: unsafe
  falsification time: 1.5984
  total time: 114.2721
  restarts: 0
imageset 199 epsilon 10 property 3 attempt 3
dnnf
  result: unsafe
  falsification time: 2.1146
  total time: 116.2735
  restarts: 0
imageset 199 epsilon 10 property 3 attempt 4
dnnf
  result: unsafe
  falsification time: 1.8728
  total time: 116.2834
  restarts: 0
imageset 199 epsilon 10 property 3 attempt 5
dnnf
  result: unsafe
  falsification time: 1.3329
  total time: 116.0252
  restarts: 0
imageset 199 epsilon 10 property 3 attempt 6
dnnf
  result: unsafe
  falsification time: 1.7039
  total time: 119.7637
  restarts: 0
imageset 199 epsilon 10 property 3 attempt 7
dnnf
  result: unsafe
  falsification time: 1.3351
  total time: 113.0981
  restarts: 0
imageset 199 epsilon 10 property 3 attempt 8
dnnf
  result: unsafe
  falsification time: 1.6879
  total time: 117.1173
  restarts: 0
imageset 199 epsilon 10 property 3 attempt 9
dnnf
  result: unsafe
  falsification time: 1.4337
  total time: 120.4796
  restarts: 0
imageset 199 epsilon 10 property 3 attempt 10
dnnf
  result: unsafe
  falsification time: 1.4413
  total time: 115.2415
  restarts: 0
