imageset 475 epsilon 10 property 1 attempt 1
dnnf
  result: unknown
  falsification time: 100.0985
  total time: 182.6440
  restarts: 100
imageset 475 epsilon 10 property 1 attempt 2
dnnf
  result: unknown
  falsification time: 98.1123
  total time: 176.3378
  restarts: 100
imageset 475 epsilon 10 property 1 attempt 3
dnnf
  result: unknown
  falsification time: 97.0578
  total time: 178.8322
  restarts: 100
imageset 475 epsilon 10 property 1 attempt 4
dnnf
  result: unknown
  falsification time: 97.5438
  total time: 181.0884
  restarts: 100
imageset 475 epsilon 10 property 1 attempt 5
dnnf
  result: unknown
  falsification time: 81.9838
  total time: 162.4787
  restarts: 100
imageset 475 epsilon 10 property 1 attempt 6
dnnf
  result: unknown
  falsification time: 83.0706
  total time: 157.9578
  restarts: 100
imageset 475 epsilon 10 property 1 attempt 7
dnnf
  result: unknown
  falsification time: 86.2580
  total time: 162.6423
  restarts: 100
imageset 475 epsilon 10 property 1 attempt 8
dnnf
  result: unknown
  falsification time: 82.6101
  total time: 159.4759
  restarts: 100
imageset 475 epsilon 10 property 1 attempt 9
dnnf
  result: unsafe
  falsification time: 1.3117
  total time: 76.4364
  restarts: 0
imageset 475 epsilon 10 property 1 attempt 10
dnnf
  result: unknown
  falsification time: 83.6716
  total time: 158.9306
  restarts: 100
imageset 475 epsilon 10 property 2 attempt 1
dnnf
  result: unsafe
  falsification time: 1.3769
  total time: 79.2122
  restarts: 0
imageset 475 epsilon 10 property 2 attempt 2
dnnf
  result: unsafe
  falsification time: 2.0219
  total time: 77.8298
  restarts: 1
imageset 475 epsilon 10 property 2 attempt 3
dnnf
  result: unsafe
  falsification time: 1.6105
  total time: 80.8524
  restarts: 0
imageset 475 epsilon 10 property 2 attempt 4
dnnf
  result: unsafe
  falsification time: 6.9828
  total time: 83.0203
  restarts: 8
imageset 475 epsilon 10 property 2 attempt 5
dnnf
  result: unsafe
  falsification time: 7.2838
  total time: 86.1006
  restarts: 9
imageset 475 epsilon 10 property 2 attempt 6
dnnf
  result: unsafe
  falsification time: 2.3760
  total time: 78.7734
  restarts: 1
imageset 475 epsilon 10 property 2 attempt 7
dnnf
  result: unsafe
  falsification time: 1.3491
  total time: 76.6698
  restarts: 0
imageset 475 epsilon 10 property 2 attempt 8
dnnf
  result: unsafe
  falsification time: 7.1741
  total time: 83.7292
  restarts: 9
imageset 475 epsilon 10 property 2 attempt 9
dnnf
  result: unsafe
  falsification time: 2.9259
  total time: 78.9684
  restarts: 2
imageset 475 epsilon 10 property 2 attempt 10
dnnf
  result: unsafe
  falsification time: 1.7942
  total time: 78.2854
  restarts: 0
imageset 475 epsilon 10 property 3 attempt 1
dnnf
  result: unknown
  falsification time: 141.6249
  total time: 255.9597
  restarts: 100
imageset 475 epsilon 10 property 3 attempt 2
dnnf
  result: unknown
  falsification time: 139.3250
  total time: 254.9084
  restarts: 100
imageset 475 epsilon 10 property 3 attempt 3
dnnf
  result: unknown
  falsification time: 139.3363
  total time: 255.2821
  restarts: 100
imageset 475 epsilon 10 property 3 attempt 4
dnnf
  result: unknown
  falsification time: 142.9024
  total time: 260.3249
  restarts: 100
imageset 475 epsilon 10 property 3 attempt 5
dnnf
  result: unknown
  falsification time: 141.2011
  total time: 258.2444
  restarts: 100
imageset 475 epsilon 10 property 3 attempt 6
dnnf
  result: unknown
  falsification time: 135.7922
  total time: 250.4737
  restarts: 100
imageset 475 epsilon 10 property 3 attempt 7
dnnf
  result: unknown
  falsification time: 140.5276
  total time: 256.4260
  restarts: 100
imageset 475 epsilon 10 property 3 attempt 8
dnnf
  result: unknown
  falsification time: 142.9104
  total time: 259.6674
  restarts: 100
imageset 475 epsilon 10 property 3 attempt 9
dnnf
  result: unknown
  falsification time: 162.5882
  total time: 275.5333
  restarts: 100
imageset 475 epsilon 10 property 3 attempt 10
dnnf
  result: unknown
  falsification time: 175.8207
  total time: 298.6970
  restarts: 100
