imageset 314 epsilon 10 property 1 attempt 1
dnnf
  result: unknown
  falsification time: 170.4253
  total time: 248.1343
  restarts: 100
imageset 314 epsilon 10 property 1 attempt 2
dnnf
  result: unknown
  falsification time: 180.1424
  total time: 258.7196
  restarts: 100
imageset 314 epsilon 10 property 1 attempt 3
dnnf
  result: unknown
  falsification time: 208.6108
  total time: 291.1891
  restarts: 100
imageset 314 epsilon 10 property 1 attempt 4
dnnf
  result: unknown
  falsification time: 211.3356
  total time: 293.4286
  restarts: 100
imageset 314 epsilon 10 property 1 attempt 5
dnnf
  result: unknown
  falsification time: 206.0005
  total time: 288.8073
  restarts: 100
imageset 314 epsilon 10 property 1 attempt 6
dnnf
  result: unknown
  falsification time: 204.6877
  total time: 285.3294
  restarts: 100
imageset 314 epsilon 10 property 1 attempt 7
dnnf
  result: unknown
  falsification time: 212.4062
  total time: 293.7281
  restarts: 100
imageset 314 epsilon 10 property 1 attempt 8
dnnf
  result: unknown
  falsification time: 205.5948
  total time: 286.7953
  restarts: 100
imageset 314 epsilon 10 property 1 attempt 9
dnnf
  result: unknown
  falsification time: 210.2774
  total time: 292.9060
  restarts: 100
imageset 314 epsilon 10 property 1 attempt 10
dnnf
  result: unknown
  falsification time: 205.8542
  total time: 288.6718
  restarts: 100
imageset 314 epsilon 10 property 2 attempt 1
dnnf
  result: unknown
  falsification time: 75.8454
  total time: 156.7229
  restarts: 100
imageset 314 epsilon 10 property 2 attempt 2
dnnf
  result: unknown
  falsification time: 76.5053
  total time: 160.0209
  restarts: 100
imageset 314 epsilon 10 property 2 attempt 3
dnnf
  result: unknown
  falsification time: 76.4237
  total time: 159.6665
  restarts: 100
imageset 314 epsilon 10 property 2 attempt 4
dnnf
  result: unknown
  falsification time: 77.3795
  total time: 157.2652
  restarts: 100
imageset 314 epsilon 10 property 2 attempt 5
dnnf
  result: unknown
  falsification time: 79.4812
  total time: 162.4573
  restarts: 100
imageset 314 epsilon 10 property 2 attempt 6
dnnf
  result: unknown
  falsification time: 78.2658
  total time: 158.9693
  restarts: 100
imageset 314 epsilon 10 property 2 attempt 7
dnnf
  result: unknown
  falsification time: 79.5547
  total time: 159.6074
  restarts: 100
imageset 314 epsilon 10 property 2 attempt 8
dnnf
  result: unknown
  falsification time: 62.9477
  total time: 142.1590
  restarts: 100
imageset 314 epsilon 10 property 2 attempt 9
dnnf
  result: unknown
  falsification time: 63.3568
  total time: 142.0657
  restarts: 100
imageset 314 epsilon 10 property 2 attempt 10
dnnf
  result: unknown
  falsification time: 63.1761
  total time: 139.4289
  restarts: 100
imageset 314 epsilon 10 property 3 attempt 1
dnnf
  result: unsafe
  falsification time: 1.8123
  total time: 116.7410
  restarts: 0
imageset 314 epsilon 10 property 3 attempt 2
dnnf
  result: unsafe
  falsification time: 1.3132
  total time: 115.3100
  restarts: 0
imageset 314 epsilon 10 property 3 attempt 3
dnnf
  result: unsafe
  falsification time: 1.3781
  total time: 115.4394
  restarts: 0
imageset 314 epsilon 10 property 3 attempt 4
dnnf
  result: unsafe
  falsification time: 5.5206
  total time: 119.7582
  restarts: 1
imageset 314 epsilon 10 property 3 attempt 5
dnnf
  result: unsafe
  falsification time: 3.4022
  total time: 120.1272
  restarts: 0
imageset 314 epsilon 10 property 3 attempt 6
dnnf
  result: unsafe
  falsification time: 2.9200
  total time: 117.8376
  restarts: 0
imageset 314 epsilon 10 property 3 attempt 7
dnnf
  result: unsafe
  falsification time: 2.8547
  total time: 118.7406
  restarts: 0
imageset 314 epsilon 10 property 3 attempt 8
dnnf
  result: unsafe
  falsification time: 1.4085
  total time: 116.3404
  restarts: 0
imageset 314 epsilon 10 property 3 attempt 9
dnnf
  result: unsafe
  falsification time: 2.3876
  total time: 112.8818
  restarts: 0
imageset 314 epsilon 10 property 3 attempt 10
dnnf
  result: unsafe
  falsification time: 1.7591
  total time: 116.1042
  restarts: 0
