imageset 448 epsilon 10 property 1 attempt 1
dnnf
  result: unknown
  falsification time: 185.6015
  total time: 268.0349
  restarts: 100
imageset 448 epsilon 10 property 1 attempt 2
dnnf
  result: unknown
  falsification time: 180.5558
  total time: 260.9273
  restarts: 100
imageset 448 epsilon 10 property 1 attempt 3
dnnf
  result: unknown
  falsification time: 185.6311
  total time: 267.8933
  restarts: 100
imageset 448 epsilon 10 property 1 attempt 4
dnnf
  result: unknown
  falsification time: 189.6838
  total time: 270.8319
  restarts: 100
imageset 448 epsilon 10 property 1 attempt 5
dnnf
  result: unknown
  falsification time: 187.0201
  total time: 265.5212
  restarts: 100
imageset 448 epsilon 10 property 1 attempt 6
dnnf
  result: unknown
  falsification time: 177.0644
  total time: 257.4418
  restarts: 100
imageset 448 epsilon 10 property 1 attempt 7
dnnf
  result: unknown
  falsification time: 179.1427
  total time: 257.7948
  restarts: 100
imageset 448 epsilon 10 property 1 attempt 8
dnnf
  result: unknown
  falsification time: 177.8718
  total time: 258.1265
  restarts: 100
imageset 448 epsilon 10 property 1 attempt 9
dnnf
  result: unknown
  falsification time: 193.8226
  total time: 275.6641
  restarts: 100
imageset 448 epsilon 10 property 1 attempt 10
dnnf
  result: unknown
  falsification time: 181.6612
  total time: 262.5671
  restarts: 100
imageset 448 epsilon 10 property 2 attempt 1
dnnf
  result: unsafe
  falsification time: 1.9322
  total time: 81.5226
  restarts: 0
imageset 448 epsilon 10 property 2 attempt 2
dnnf
  result: unsafe
  falsification time: 2.6181
  total time: 83.2180
  restarts: 2
imageset 448 epsilon 10 property 2 attempt 3
dnnf
  result: unsafe
  falsification time: 3.5546
  total time: 86.4396
  restarts: 3
imageset 448 epsilon 10 property 2 attempt 4
dnnf
  result: unsafe
  falsification time: 1.1693
  total time: 79.5455
  restarts: 0
imageset 448 epsilon 10 property 2 attempt 5
dnnf
  result: unsafe
  falsification time: 1.5370
  total time: 84.6991
  restarts: 0
imageset 448 epsilon 10 property 2 attempt 6
dnnf
  result: unsafe
  falsification time: 1.9906
  total time: 83.8957
  restarts: 1
imageset 448 epsilon 10 property 2 attempt 7
dnnf
  result: unsafe
  falsification time: 1.8444
  total time: 79.9922
  restarts: 0
imageset 448 epsilon 10 property 2 attempt 8
dnnf
  result: unsafe
  falsification time: 1.8361
  total time: 79.5141
  restarts: 0
imageset 448 epsilon 10 property 2 attempt 9
dnnf
  result: unsafe
  falsification time: 1.4334
  total time: 78.7380
  restarts: 0
imageset 448 epsilon 10 property 2 attempt 10
dnnf
  result: unsafe
  falsification time: 1.5244
  total time: 78.0764
  restarts: 0
imageset 448 epsilon 10 property 3 attempt 1
dnnf
  result: unknown
  falsification time: 121.7603
  total time: 235.5747
  restarts: 100
imageset 448 epsilon 10 property 3 attempt 2
dnnf
  result: unknown
  falsification time: 125.6855
  total time: 243.4401
  restarts: 100
imageset 448 epsilon 10 property 3 attempt 3
dnnf
  result: unknown
  falsification time: 126.1655
  total time: 239.1421
  restarts: 100
imageset 448 epsilon 10 property 3 attempt 4
dnnf
  result: unknown
  falsification time: 126.8852
  total time: 238.8340
  restarts: 100
imageset 448 epsilon 10 property 3 attempt 5
dnnf
  result: unknown
  falsification time: 126.0328
  total time: 241.5678
  restarts: 100
imageset 448 epsilon 10 property 3 attempt 6
dnnf
  result: unknown
  falsification time: 124.8653
  total time: 241.4697
  restarts: 100
imageset 448 epsilon 10 property 3 attempt 7
dnnf
  result: unknown
  falsification time: 123.9284
  total time: 241.4875
  restarts: 100
imageset 448 epsilon 10 property 3 attempt 8
dnnf
  result: unknown
  falsification time: 126.8461
  total time: 239.3230
  restarts: 100
imageset 448 epsilon 10 property 3 attempt 9
dnnf
  result: unknown
  falsification time: 125.0580
  total time: 241.1306
  restarts: 100
imageset 448 epsilon 10 property 3 attempt 10
dnnf
  result: unknown
  falsification time: 126.9870
  total time: 240.1091
  restarts: 100
