imageset 104 epsilon 10 property 1 attempt 1
dnnf
  result: unsafe
  falsification time: 116.6813
  total time: 200.9278
  restarts: 61
imageset 104 epsilon 10 property 1 attempt 2
dnnf
  result: unsafe
  falsification time: 76.0833
  total time: 162.9291
  restarts: 41
imageset 104 epsilon 10 property 1 attempt 3
dnnf
  result: unsafe
  falsification time: 89.5886
  total time: 174.5507
  restarts: 47
imageset 104 epsilon 10 property 1 attempt 4
dnnf
  result: unknown
  falsification time: 196.3736
  total time: 282.0234
  restarts: 100
imageset 104 epsilon 10 property 1 attempt 5
dnnf
  result: unknown
  falsification time: 182.5050
  total time: 271.2578
  restarts: 100
imageset 104 epsilon 10 property 1 attempt 6
dnnf
  result: unsafe
  falsification time: 136.3464
  total time: 213.4658
  restarts: 74
imageset 104 epsilon 10 property 1 attempt 7
dnnf
  result: unsafe
  falsification time: 11.6693
  total time: 90.9620
  restarts: 5
imageset 104 epsilon 10 property 1 attempt 8
dnnf
  result: unknown
  falsification time: 177.0662
  total time: 254.6510
  restarts: 100
imageset 104 epsilon 10 property 1 attempt 9
dnnf
  result: unsafe
  falsification time: 44.6275
  total time: 124.0108
  restarts: 23
imageset 104 epsilon 10 property 1 attempt 10
dnnf
  result: unknown
  falsification time: 170.1349
  total time: 251.2481
  restarts: 100
imageset 104 epsilon 10 property 2 attempt 1
dnnf
  result: unsafe
  falsification time: 55.3429
  total time: 138.9863
  restarts: 84
imageset 104 epsilon 10 property 2 attempt 2
dnnf
  result: unsafe
  falsification time: 25.5604
  total time: 106.0641
  restarts: 39
imageset 104 epsilon 10 property 2 attempt 3
dnnf
  result: unknown
  falsification time: 62.9055
  total time: 144.3126
  restarts: 100
imageset 104 epsilon 10 property 2 attempt 4
dnnf
  result: unsafe
  falsification time: 55.3750
  total time: 137.5265
  restarts: 73
imageset 104 epsilon 10 property 2 attempt 5
dnnf
  result: unknown
  falsification time: 65.6295
  total time: 148.1444
  restarts: 100
imageset 104 epsilon 10 property 2 attempt 6
dnnf
  result: unsafe
  falsification time: 55.1457
  total time: 134.4036
  restarts: 81
imageset 104 epsilon 10 property 2 attempt 7
dnnf
  result: unsafe
  falsification time: 24.7834
  total time: 105.2963
  restarts: 36
imageset 104 epsilon 10 property 2 attempt 8
dnnf
  result: unsafe
  falsification time: 10.9283
  total time: 91.6398
  restarts: 15
imageset 104 epsilon 10 property 2 attempt 9
dnnf
  result: unknown
  falsification time: 65.3608
  total time: 145.3793
  restarts: 100
imageset 104 epsilon 10 property 2 attempt 10
dnnf
  result: unsafe
  falsification time: 3.9941
  total time: 85.2309
  restarts: 4
imageset 104 epsilon 10 property 3 attempt 1
dnnf
  result: unsafe
  falsification time: 1.8516
  total time: 118.7166
  restarts: 0
imageset 104 epsilon 10 property 3 attempt 2
dnnf
  result: unsafe
  falsification time: 3.2316
  total time: 125.1976
  restarts: 2
imageset 104 epsilon 10 property 3 attempt 3
dnnf
  result: unsafe
  falsification time: 2.6785
  total time: 119.9999
  restarts: 1
imageset 104 epsilon 10 property 3 attempt 4
dnnf
  result: unsafe
  falsification time: 2.0064
  total time: 120.4843
  restarts: 0
imageset 104 epsilon 10 property 3 attempt 5
dnnf
  result: unsafe
  falsification time: 1.4672
  total time: 124.1320
  restarts: 0
imageset 104 epsilon 10 property 3 attempt 6
dnnf
  result: unsafe
  falsification time: 1.4392
  total time: 136.0857
  restarts: 0
imageset 104 epsilon 10 property 3 attempt 7
dnnf
  result: unsafe
  falsification time: 2.4198
  total time: 122.1018
  restarts: 1
imageset 104 epsilon 10 property 3 attempt 8
dnnf
  result: unsafe
  falsification time: 1.9939
  total time: 115.7821
  restarts: 0
imageset 104 epsilon 10 property 3 attempt 9
dnnf
  result: unsafe
  falsification time: 4.0785
  total time: 124.2949
  restarts: 2
imageset 104 epsilon 10 property 3 attempt 10
dnnf
  result: unsafe
  falsification time: 5.2113
  total time: 125.1675
  restarts: 4
